<?xml version="1.0" encoding="utf-8"?><testsuites name="pytest tests"><testsuite name="pytest" errors="0" failures="0" skipped="0" tests="7" time="0.707" timestamp="2026-07-02T11:48:14.244361+00:00" hostname="agent-env-f0b7da5c-2119-4516-a6ee-e464f4677d87"><testcase classname="tests.test_api.TestFeedback" name="test_feedback_empty_transcript_returns_400" time="0.005" /><testcase classname="tests.test_api.TestConfig" name="test_config_shape" time="0.005" /><testcase classname="tests.test_api.TestConfig" name="test_config_not_ready_when_env_empty" time="0.002" /><testcase classname="tests.test_api.TestRoot" name="test_root_message" time="0.002" /><testcase classname="tests.test_api.TestFeedback" name="test_feedback_valid_returns_full_schema" time="0.002" /><testcase classname="tests.test_api.TestFeedback" name="test_feedback_fallback_when_openrouter_key_missing" time="0.002" /><testcase classname="tests.test_api.TestFeedback" name="test_feedback_invalid_payload_missing_fields" time="0.004" /></testsuite></testsuites>